Flutter crash report; please file at https://github.com/flutter/flutter/issues.

## command

flutter --no-color pub get

## exception

_CastError: type 'String' is not a subtype of type 'YamlMap' in type cast

```
#0      Plugin._providesImplementationForPlatform (package:flutter_tools/src/plugins.dart:261:37)
#1      new Plugin._fromMultiPlatformYaml (package:flutter_tools/src/plugins.dart:124:9)
#2      new Plugin.fromYaml (package:flutter_tools/src/plugins.dart:81:21)
#3      _pluginFromPackage (package:flutter_tools/src/plugins.dart:293:17)
#4      findPlugins.<anonymous closure> (package:flutter_tools/src/plugins.dart:316:27)
#5      _LinkedHashMapMixin.forEach (dart:collection-patch/compact_hash.dart:379:8)
#6      findPlugins (package:flutter_tools/src/plugins.dart:314:12)
#7      refreshPluginsList (package:flutter_tools/src/plugins.dart:1069:32)
#8      FlutterProject.ensureReadyForPlatformSpecificTooling (package:flutter_tools/src/project.dart:229:5)
#9      PackagesGetCommand.runCommand (package:flutter_tools/src/commands/packages.dart:134:28)
<asynchronous suspension>
#10     FlutterCommand.verifyThenRunCommand (package:flutter_tools/src/runner/flutter_command.dart:742:18)
#11     _rootRunUnary (dart:async/zone.dart:1192:38)
#12     _CustomZone.runUnary (dart:async/zone.dart:1085:19)
#13     _FutureListener.handleValue (dart:async/future_impl.dart:141:18)
#14     Future._propagateToListeners.handleValueCallback (dart:async/future_impl.dart:682:45)
#15     Future._propagateToListeners (dart:async/future_impl.dart:711:32)
#16     Future._completeWithValue (dart:async/future_impl.dart:526:5)
#17     Future._asyncComplete.<anonymous closure> (dart:async/future_impl.dart:556:7)
#18     _rootRun (dart:async/zone.dart:1184:13)
#19     _CustomZone.run (dart:async/zone.dart:1077:19)
#20     _CustomZone.runGuarded (dart:async/zone.dart:979:7)
#21     _CustomZone.bindCallbackGuarded.<anonymous closure> (dart:async/zone.dart:1019:23)
#22     _microtaskLoop (dart:async/schedule_microtask.dart:43:21)
#23     _startMicrotaskLoop (dart:async/schedule_microtask.dart:52:5)
#24     _runPendingImmediateCallback (dart:isolate-patch/isolate_patch.dart:118:13)
#25     _RawReceivePortImpl._handleMessage (dart:isolate-patch/isolate_patch.dart:169:5)
```

## flutter doctor

```
[✓] Flutter (Channel master, v1.18.0-6.0.pre.19, on Mac OS X 10.14.5 18F132, locale fr-FR)
    • Flutter version 1.18.0-6.0.pre.19 at /Users/florentchampigny/flutter/flutter-sdk
    • Framework revision 9cc69d47a5 (7 hours ago), 2020-04-13 19:00:02 -0700
    • Engine revision deef2663ac
    • Dart version 2.8.0 (build 2.8.0-dev.20.0 c9710e5059)

[✓] Android toolchain - develop for Android devices (Android SDK version 29.0.2)
    • Android SDK at /Users/florentchampigny/Library/Android/sdk
    • Platform android-29, build-tools 29.0.2
    • ANDROID_HOME = /Users/florentchampigny/Library/Android/sdk
    • Java binary at: /Applications/Android Studio.app/Contents/jre/jdk/Contents/Home/bin/java
    • Java version OpenJDK Runtime Environment (build 1.8.0_212-release-1586-b4-5784211)
    • All Android licenses accepted.

[✓] Xcode - develop for iOS and macOS (Xcode 11.3.1)
    • Xcode at /Applications/Xcode.app/Contents/Developer
    • Xcode 11.3.1, Build version 11C504
    • CocoaPods version 1.9.1

[✓] Chrome - develop for the web
    • Chrome at /Applications/Google Chrome.app/Contents/MacOS/Google Chrome

[✓] Android Studio (version 3.6)
    • Android Studio at /Applications/Android Studio.app/Contents
    • Flutter plugin version 45.0.1
    • Dart plugin version 192.7761
    • Java version OpenJDK Runtime Environment (build 1.8.0_212-release-1586-b4-5784211)

[!] IntelliJ IDEA Community Edition (version 2019.2)
    • IntelliJ at /Applications/IntelliJ IDEA CE.app
    ✗ Flutter plugin not installed; this adds Flutter specific functionality.
    • Dart plugin version 192.5728.98
    • For information about installing plugins, see
      https://flutter.dev/intellij-setup/#installing-the-plugins

[✓] VS Code (version 1.44.0)
    • VS Code at /Applications/Visual Studio Code.app/Contents
    • Flutter extension version 3.9.1

[✓] Connected device (3 available)
    • macOS      • macOS      • darwin-x64     • Mac OS X 10.14.5 18F132
    • Chrome     • chrome     • web-javascript • Google Chrome 81.0.4044.92
    • Web Server • web-server • web-javascript • Flutter Tools

! Doctor found issues in 1 category.
```
